#
# There is insufficient memory for the Java Runtime Environment to continue.
# Native memory allocation (mmap) failed to map 134217728 bytes for Failed to commit area from 0x0000000081c00000 to 0x0000000089c00000 of length 134217728.
# Possible reasons:
#   The system is out of physical RAM or swap space
#   The process is running with CompressedOops enabled, and the Java Heap may be blocking the growth of the native heap
# Possible solutions:
#   Reduce memory load on the system
#   Increase physical memory or swap space
#   Check if swap backing store is full
#   Decrease Java heap size (-Xmx/-Xms)
#   Decrease number of Java threads
#   Decrease Java thread stack sizes (-Xss)
#   Set larger code cache with -XX:ReservedCodeCacheSize=
# This output file may be truncated or incomplete.
#
#  Out of Memory Error (t:/workspace/open/src/hotspot/os/windows/os_windows.cpp:3269), pid=14068, tid=17416
#
# JRE version:  (11.0.3+12) (build )
# Java VM: Java HotSpot(TM) 64-Bit Server VM (11.0.3+12-LTS, mixed mode, aot, sharing, tiered, compressed oops, g1 gc, windows-amd64)
# No core dump will be written. Minidumps are not enabled by default on client versions of Windows
#

---------------  S U M M A R Y ------------

Command Line: -javaagent:D:\Romek\CODING JAVA ALL\IntelliJ IDEA Community ver\IntelliJ IDEA Community Edition 2019.2.2\lib\idea_rt.jar=58126:D:\Romek\CODING JAVA ALL\IntelliJ IDEA Community ver\IntelliJ IDEA Community Edition 2019.2.2\bin -Dfile.encoding=UTF-8 pl.sdaacademy.intermediate.basic.Zadanie2Listy.Zadanie2

Host: Intel(R) Core(TM) i5-8250U CPU @ 1.60GHz, 8 cores, 7G,  Windows 10 , 64 bit Build 17763 (10.0.17763.475)
Time: Sat Jan 11 15:11:41 2020 ?rodkowoeuropejski czas stand. elapsed time: 0 seconds (0d 0h 0m 0s)

---------------  T H R E A D  ---------------

Current thread (0x00000216bc73d800):  JavaThread "Unknown thread" [_thread_in_vm, id=17416, stack(0x000000437e000000,0x000000437e100000)]

Stack: [0x000000437e000000,0x000000437e100000]
Native frames: (J=compiled Java code, j=interpreted, Vv=VM code, C=native code)
V  [jvm.dll+0x63582a]
V  [jvm.dll+0x77360f]
V  [jvm.dll+0x774cba]
V  [jvm.dll+0x775373]
V  [jvm.dll+0x25e9c8]
V  [jvm.dll+0x632cba]
V  [jvm.dll+0x627715]
V  [jvm.dll+0x31523c]
V  [jvm.dll+0x3150c2]
V  [jvm.dll+0x31a936]
V  [jvm.dll+0x36667f]
V  [jvm.dll+0x3660a0]
V  [jvm.dll+0x2f1da8]
V  [jvm.dll+0x2f2f06]
V  [jvm.dll+0x74c867]
V  [jvm.dll+0x74dfaf]
V  [jvm.dll+0x3734b9]
V  [jvm.dll+0x732f09]
V  [jvm.dll+0x3e291d]
V  [jvm.dll+0x3e4cb1]
C  [java.exe+0x3607]
C  [java.exe+0x178dc]
C  [KERNEL32.DLL+0x17974]
C  [ntdll.dll+0x6a271]


---------------  P R O C E S S  ---------------

Threads class SMR info:
_java_thread_list=0x00000216ba4a4c70, length=0, elements={
}

Java Threads: ( => current thread )

Other Threads:
  0x00000216bc755800 GCTaskThread "GC Thread#0" [stack: 0x000000437e100000,0x000000437e200000] [id=14060]
  0x00000216bc781000 ConcurrentGCThread "G1 Main Marker" [stack: 0x000000437e200000,0x000000437e300000] [id=14724]
  0x00000216bc783800 ConcurrentGCThread "G1 Conc#0" [stack: 0x000000437e300000,0x000000437e400000] [id=17420]

[error occurred during error reporting (printing all threads), id 0xc0000005, EXCEPTION_ACCESS_VIOLATION (0xc0000005) at pc=0x00007ffaa1bd0497]

VM state:not at safepoint (not fully initialized)

VM Mutex/Monitor currently owned by a thread:  ([mutex/lock_event])
[0x00000216bc73be40] Heap_lock - owner thread: 0x00000216bc73d800

Heap address: 0x0000000081c00000, size: 2020 MB, Compressed Oops mode: Non-zero based: 0x0000000081c00000
Narrow klass base: 0x0000000000000000, Narrow klass shift: 0

GC Heap History (0 events):
No events

Deoptimization events (0 events):
No events

Classes redefined (0 events):
No events

Internal exceptions (0 events):
No events

Events (0 events):
No events


Dynamic libraries:
0x00007ff6ac740000 - 0x00007ff6ac787000 	C:\Program Files\Java\jdk-11.0.3\bin\java.exe
0x00007ffaf0350000 - 0x00007ffaf053d000 	C:\WINDOWS\SYSTEM32\ntdll.dll
0x00007ffaefba0000 - 0x00007ffaefc53000 	C:\WINDOWS\System32\KERNEL32.DLL
0x00007ffaed280000 - 0x00007ffaed513000 	C:\WINDOWS\System32\KERNELBASE.dll
0x00007ffaef2b0000 - 0x00007ffaef353000 	C:\WINDOWS\System32\ADVAPI32.dll
0x00007ffaf0220000 - 0x00007ffaf02be000 	C:\WINDOWS\System32\msvcrt.dll
0x00007ffaef4d0000 - 0x00007ffaef56e000 	C:\WINDOWS\System32\sechost.dll
0x00007ffaeeb50000 - 0x00007ffaeec72000 	C:\WINDOWS\System32\RPCRT4.dll
0x00007ffaef640000 - 0x00007ffaef7d7000 	C:\WINDOWS\System32\USER32.dll
0x00007ffaece30000 - 0x00007ffaece50000 	C:\WINDOWS\System32\win32u.dll
0x00007ffaed620000 - 0x00007ffaed649000 	C:\WINDOWS\System32\GDI32.dll
0x00007ffaecf00000 - 0x00007ffaed099000 	C:\WINDOWS\System32\gdi32full.dll
0x00007ffaec410000 - 0x00007ffaec4b0000 	C:\WINDOWS\System32\msvcp_win.dll
0x00007ffaec5e0000 - 0x00007ffaec6da000 	C:\WINDOWS\System32\ucrtbase.dll
0x00007ffae3950000 - 0x00007ffae395a000 	C:\WINDOWS\SYSTEM32\VERSION.dll
0x00007ffade0c0000 - 0x00007ffade339000 	C:\WINDOWS\WinSxS\amd64_microsoft.windows.common-controls_6595b64144ccf1df_6.0.17763.914_none_05b346b2072102f2\COMCTL32.dll
0x00007ffaef870000 - 0x00007ffaefb9c000 	C:\WINDOWS\System32\combase.dll
0x00007ffaec4b0000 - 0x00007ffaec52e000 	C:\WINDOWS\System32\bcryptPrimitives.dll
0x00007ffaef7e0000 - 0x00007ffaef80e000 	C:\WINDOWS\System32\IMM32.DLL
0x00007ffaea180000 - 0x00007ffaea196000 	C:\Program Files\Java\jdk-11.0.3\bin\vcruntime140.dll
0x00007ffac3790000 - 0x00007ffac383a000 	C:\Program Files\Java\jdk-11.0.3\bin\msvcp140.dll
0x00007ffaa18d0000 - 0x00007ffaa23f7000 	C:\Program Files\Java\jdk-11.0.3\bin\server\jvm.dll
0x00007ffaeffa0000 - 0x00007ffaeffa8000 	C:\WINDOWS\System32\PSAPI.DLL
0x00007ffad4360000 - 0x00007ffad4369000 	C:\WINDOWS\SYSTEM32\WSOCK32.dll
0x00007ffaea370000 - 0x00007ffaea394000 	C:\WINDOWS\SYSTEM32\WINMM.dll
0x00007ffaf0030000 - 0x00007ffaf009d000 	C:\WINDOWS\System32\WS2_32.dll
0x00007ffaea050000 - 0x00007ffaea07d000 	C:\WINDOWS\SYSTEM32\WINMMBASE.dll
0x00007ffaed520000 - 0x00007ffaed56a000 	C:\WINDOWS\System32\cfgmgr32.dll
0x00007ffaec360000 - 0x00007ffaec371000 	C:\WINDOWS\System32\kernel.appcore.dll
0x00007ffaea0d0000 - 0x00007ffaea0e1000 	C:\Program Files\Java\jdk-11.0.3\bin\verify.dll
0x00007ffaeacd0000 - 0x00007ffaeaebd000 	C:\WINDOWS\SYSTEM32\DBGHELP.DLL
0x00007ffad2060000 - 0x00007ffad208a000 	C:\WINDOWS\SYSTEM32\dbgcore.DLL
0x00007ffae5400000 - 0x00007ffae5429000 	C:\Program Files\Java\jdk-11.0.3\bin\java.dll
0x00007ffae7100000 - 0x00007ffae712f000 	C:\Program Files\Java\jdk-11.0.3\bin\instrument.dll
0x00007ffae7bb0000 - 0x00007ffae7bc6000 	C:\Program Files\Java\jdk-11.0.3\bin\zip.dll
0x00007ffaea280000 - 0x00007ffaea28a000 	C:\Program Files\Java\jdk-11.0.3\bin\jimage.dll

dbghelp: loaded successfully - version: 4.0.5 - missing functions: none
symbol engine: initialized successfully - sym options: 0x614 - pdb path: .;C:\Program Files\Java\jdk-11.0.3\bin;C:\WINDOWS\SYSTEM32;C:\WINDOWS\WinSxS\amd64_microsoft.windows.common-controls_6595b64144ccf1df_6.0.17763.914_none_05b346b2072102f2;C:\Program Files\Java\jdk-11.0.3\bin\server

VM Arguments:
jvm_args: -javaagent:D:\Romek\CODING JAVA ALL\IntelliJ IDEA Community ver\IntelliJ IDEA Community Edition 2019.2.2\lib\idea_rt.jar=58126:D:\Romek\CODING JAVA ALL\IntelliJ IDEA Community ver\IntelliJ IDEA Community Edition 2019.2.2\bin -Dfile.encoding=UTF-8 
java_command: pl.sdaacademy.intermediate.basic.Zadanie2Listy.Zadanie2
java_class_path (initial): C:\Users\iwus2\Desktop\Programowanie2\target\classes
Launcher Type: SUN_STANDARD

[Global flags]
     intx CICompilerCount                          = 4                                         {product} {ergonomic}
     uint ConcGCThreads                            = 2                                         {product} {ergonomic}
     uint G1ConcRefinementThreads                  = 8                                         {product} {ergonomic}
   size_t G1HeapRegionSize                         = 1048576                                   {product} {ergonomic}
    uintx GCDrainStackTargetSize                   = 64                                        {product} {ergonomic}
   size_t InitialHeapSize                          = 134217728                                 {product} {ergonomic}
   size_t MarkStackSize                            = 4194304                                   {product} {ergonomic}
   size_t MaxHeapSize                              = 2118123520                                {product} {ergonomic}
   size_t MinHeapDeltaBytes                        = 1048576                                   {product} {ergonomic}
    uintx NonNMethodCodeHeapSize                   = 5835340                                {pd product} {ergonomic}
    uintx NonProfiledCodeHeapSize                  = 122911450                              {pd product} {ergonomic}
    uintx ProfiledCodeHeapSize                     = 122911450                              {pd product} {ergonomic}
    uintx ReservedCodeCacheSize                    = 251658240                              {pd product} {ergonomic}
     bool SegmentedCodeCache                       = true                                      {product} {ergonomic}
     bool UseCompressedClassPointers               = true                                 {lp64_product} {ergonomic}
     bool UseCompressedOops                        = true                                 {lp64_product} {ergonomic}
     bool UseG1GC                                  = true                                      {product} {ergonomic}
     bool UseLargePagesIndividualAllocation        = false                                  {pd product} {ergonomic}

Logging:
Log output configuration:
 #0: stdout all=warning uptime,level,tags
 #1: stderr all=off uptime,level,tags

Environment Variables:
JAVA_HOME=D:\Romek\CODING JAVA ALL\AdpotOpenJDK 11.0.4.11 (x64)\
PATH=D:\Romek\CODING JAVA ALL\AdpotOpenJDK 11.0.4.11 (x64)\bin;C:\Program Files (x86)\Common Files\Oracle\Java\javapath;C:\Windows\system32;C:\Windows;C:\Windows\System32\Wbem;C:\Windows\System32\WindowsPowerShell\v1.0\;C:\Windows\System32\OpenSSH\;C:\Program Files (x86)\NVIDIA Corporation\PhysX\Common;C:\WINDOWS\system32;C:\WINDOWS;C:\WINDOWS\System32\Wbem;C:\WINDOWS\System32\WindowsPowerShell\v1.0\;C:\WINDOWS\System32\OpenSSH\;C:\Program Files\Intel\WiFi\bin\;C:\Program Files\Common Files\Intel\WirelessCommon\;C:\Program Files\NVIDIA Corporation\NVIDIA NvDLISR;C:\Program Files (x86)\Intel\Intel(R) Management Engine Components\DAL;C:\Program Files\Intel\Intel(R) Management Engine Components\DAL;D:\Romek\CODING JAVA ALL\Git\cmd;C:\Program Files\MySQL\MySQL Shell 8.0\bin\
USERNAME=iwus2
OS=Windows_NT
PROCESSOR_IDENTIFIER=Intel64 Family 6 Model 142 Stepping 10, GenuineIntel



---------------  S Y S T E M  ---------------

OS: Windows 10 , 64 bit Build 17763 (10.0.17763.475)

CPU:total 8 (initial active 8) (4 cores per cpu, 2 threads per core) family 6 model 142 stepping 10, cmov, cx8, fxsr, mmx, sse, sse2, sse3, ssse3, sse4.1, sse4.2, popcnt, avx, avx2, aes, clmul, erms, 3dnowpref, lzcnt, ht, tsc, tscinvbit, bmi1, bmi2, adx, fma

Memory: 4k page, system-wide physical 8075M (1954M free)
TotalPageFile size 21340M (AvailPageFile size 56M)
current process WorkingSet (physical memory assigned to process): 10M, peak: 10M
current process commit charge ("private bytes"): 60M, peak: 188M

vm_info: Java HotSpot(TM) 64-Bit Server VM (11.0.3+12-LTS) for windows-amd64 JRE (11.0.3+12-LTS), built on Apr  2 2019 12:43:09 by "mach5one" with MS VC++ 15.5 (VS2017)

END.
